[
{
  "elements": [
    {
      "keyword": "Scenario Outline",
      "location": "src/test/features/api_test.feature:12",
      "name": "Api Test -- @1.1 ",
      "status": "passed",
      "steps": [
        {
          "keyword": "Given",
          "location": "src/test/features/api_test.feature:5",
          "match": {
            "arguments": [
              {
                "name": "datos",
                "value": "1"
              }
            ],
            "location": "src/test/features/steps/api_steps.py:9"
          },
          "name": "se lee el endpoint y lo headers del excel \"1\"",
          "result": {
            "duration": 0.05413985252380371,
            "status": "passed"
          },
          "step_type": "given"
        },
        {
          "keyword": "When",
          "location": "src/test/features/api_test.feature:6",
          "match": {
            "arguments": [
              {
                "name": "datos",
                "value": "1"
              }
            ],
            "location": "src/test/features/steps/api_steps.py:25"
          },
          "name": "cuando envio un request al endpoint \"1\"",
          "result": {
            "duration": 1.1444709300994873,
            "status": "passed"
          },
          "step_type": "when"
        },
        {
          "keyword": "Then",
          "location": "src/test/features/api_test.feature:7",
          "match": {
            "arguments": [
              {
                "name": "datos",
                "value": "1"
              }
            ],
            "location": "src/test/features/steps/api_steps.py:69"
          },
          "name": "se valida el estado del response con el esperado del excel \"1\"",
          "result": {
            "duration": 0.0,
            "status": "passed"
          },
          "step_type": "then"
        },
        {
          "keyword": "And",
          "location": "src/test/features/api_test.feature:8",
          "match": {
            "arguments": [
              {
                "name": "datos",
                "value": "1"
              }
            ],
            "location": "src/test/features/steps/api_steps.py:91"
          },
          "name": "el response debe contener el contenido esperado del excel \"1\"",
          "result": {
            "duration": 0.016350269317626953,
            "status": "passed"
          },
          "step_type": "then"
        }
      ],
      "tags": [
        "test1",
        "Prueba"
      ],
      "type": "scenario"
    },
    {
      "keyword": "Scenario Outline",
      "location": "src/test/features/api_test.feature:13",
      "name": "Api Test -- @1.2 ",
      "status": "failed",
      "steps": [
        {
          "keyword": "Given",
          "location": "src/test/features/api_test.feature:5",
          "match": {
            "arguments": [
              {
                "name": "datos",
                "value": "2"
              }
            ],
            "location": "src/test/features/steps/api_steps.py:9"
          },
          "name": "se lee el endpoint y lo headers del excel \"2\"",
          "result": {
            "duration": 0.12409710884094238,
            "status": "passed"
          },
          "step_type": "given"
        },
        {
          "keyword": "When",
          "location": "src/test/features/api_test.feature:6",
          "match": {
            "arguments": [
              {
                "name": "datos",
                "value": "2"
              }
            ],
            "location": "src/test/features/steps/api_steps.py:25"
          },
          "name": "cuando envio un request al endpoint \"2\"",
          "result": {
            "duration": 1.0936555862426758,
            "status": "passed"
          },
          "step_type": "when"
        },
        {
          "keyword": "Then",
          "location": "src/test/features/api_test.feature:7",
          "match": {
            "arguments": [
              {
                "name": "datos",
                "value": "2"
              }
            ],
            "location": "src/test/features/steps/api_steps.py:69"
          },
          "name": "se valida el estado del response con el esperado del excel \"2\"",
          "result": {
            "duration": 0.0,
            "status": "passed"
          },
          "step_type": "then"
        },
        {
          "keyword": "And",
          "location": "src/test/features/api_test.feature:8",
          "match": {
            "arguments": [
              {
                "name": "datos",
                "value": "2"
              }
            ],
            "location": "src/test/features/steps/api_steps.py:91"
          },
          "name": "el response debe contener el contenido esperado del excel \"2\"",
          "result": {
            "duration": 0.03567218780517578,
            "error_message": [
              "Assertion Failed: [LOG] Error al validar el contenido del response",
              "Captured stdout:",
              "[LOG] Se extrae del excel los datos",
              "[LOG] Se envia la peticion",
              "[LOG] Se valida el status Code",
              "Expected Status Code: 400",
              "Actual Status Code: 400",
              "[LOG] Se valida el contenido del response",
              "Expected Content_1",
              "Expected Content: token",
              "Actual Content: {",
              "    \"error\": \"Missing password\"",
              "}",
              "Expected Content_2",
              "Expected Content: {",
              "    \"error\": \"Missing password\"",
              "}",
              "Actual Content: {",
              "    \"error\": \"Missing password\"",
              "}",
              "Expected Content_3",
              " FAILED PASSED ",
              "[LOG] Error al validar el contenido del response",
              "Step failed: el response debe contener el contenido esperado del excel \"2\""
            ],
            "status": "failed"
          },
          "step_type": "then"
        }
      ],
      "tags": [
        "test1",
        "Prueba"
      ],
      "type": "scenario"
    },
    {
      "keyword": "Scenario Outline",
      "location": "src/test/features/api_test.feature:14",
      "name": "Api Test -- @1.3 ",
      "status": "passed",
      "steps": [
        {
          "keyword": "Given",
          "location": "src/test/features/api_test.feature:5",
          "match": {
            "arguments": [
              {
                "name": "datos",
                "value": "3"
              }
            ],
            "location": "src/test/features/steps/api_steps.py:9"
          },
          "name": "se lee el endpoint y lo headers del excel \"3\"",
          "result": {
            "duration": 0.03553366661071777,
            "status": "passed"
          },
          "step_type": "given"
        },
        {
          "keyword": "When",
          "location": "src/test/features/api_test.feature:6",
          "match": {
            "arguments": [
              {
                "name": "datos",
                "value": "3"
              }
            ],
            "location": "src/test/features/steps/api_steps.py:25"
          },
          "name": "cuando envio un request al endpoint \"3\"",
          "result": {
            "duration": 1.140495777130127,
            "status": "passed"
          },
          "step_type": "when"
        },
        {
          "keyword": "Then",
          "location": "src/test/features/api_test.feature:7",
          "match": {
            "arguments": [
              {
                "name": "datos",
                "value": "3"
              }
            ],
            "location": "src/test/features/steps/api_steps.py:69"
          },
          "name": "se valida el estado del response con el esperado del excel \"3\"",
          "result": {
            "duration": 0.0,
            "status": "passed"
          },
          "step_type": "then"
        },
        {
          "keyword": "And",
          "location": "src/test/features/api_test.feature:8",
          "match": {
            "arguments": [
              {
                "name": "datos",
                "value": "3"
              }
            ],
            "location": "src/test/features/steps/api_steps.py:91"
          },
          "name": "el response debe contener el contenido esperado del excel \"3\"",
          "result": {
            "duration": 0.03698849678039551,
            "status": "passed"
          },
          "step_type": "then"
        }
      ],
      "tags": [
        "test1",
        "Prueba"
      ],
      "type": "scenario"
    },
    {
      "keyword": "Scenario Outline",
      "location": "src/test/features/api_test.feature:15",
      "name": "Api Test -- @1.4 ",
      "status": "passed",
      "steps": [
        {
          "keyword": "Given",
          "location": "src/test/features/api_test.feature:5",
          "match": {
            "arguments": [
              {
                "name": "datos",
                "value": "4"
              }
            ],
            "location": "src/test/features/steps/api_steps.py:9"
          },
          "name": "se lee el endpoint y lo headers del excel \"4\"",
          "result": {
            "duration": 0.0581355094909668,
            "status": "passed"
          },
          "step_type": "given"
        },
        {
          "keyword": "When",
          "location": "src/test/features/api_test.feature:6",
          "match": {
            "arguments": [
              {
                "name": "datos",
                "value": "4"
              }
            ],
            "location": "src/test/features/steps/api_steps.py:25"
          },
          "name": "cuando envio un request al endpoint \"4\"",
          "result": {
            "duration": 0.7601318359375,
            "status": "passed"
          },
          "step_type": "when"
        },
        {
          "keyword": "Then",
          "location": "src/test/features/api_test.feature:7",
          "match": {
            "arguments": [
              {
                "name": "datos",
                "value": "4"
              }
            ],
            "location": "src/test/features/steps/api_steps.py:69"
          },
          "name": "se valida el estado del response con el esperado del excel \"4\"",
          "result": {
            "duration": 0.0,
            "status": "passed"
          },
          "step_type": "then"
        },
        {
          "keyword": "And",
          "location": "src/test/features/api_test.feature:8",
          "match": {
            "arguments": [
              {
                "name": "datos",
                "value": "4"
              }
            ],
            "location": "src/test/features/steps/api_steps.py:91"
          },
          "name": "el response debe contener el contenido esperado del excel \"4\"",
          "result": {
            "duration": 0.06565451622009277,
            "status": "passed"
          },
          "step_type": "then"
        }
      ],
      "tags": [
        "test1",
        "Prueba"
      ],
      "type": "scenario"
    },
    {
      "keyword": "Scenario Outline",
      "location": "src/test/features/api_test.feature:16",
      "name": "Api Test -- @1.5 ",
      "status": "skipped",
      "steps": [
        {
          "keyword": "Given",
          "location": "src/test/features/api_test.feature:5",
          "match": {
            "arguments": [
              {
                "name": "datos",
                "value": "5"
              }
            ],
            "location": "src/test/features/steps/api_steps.py:9"
          },
          "name": "se lee el endpoint y lo headers del excel \"5\"",
          "result": {
            "duration": 0.010074138641357422,
            "status": "passed"
          },
          "step_type": "given"
        },
        {
          "keyword": "When",
          "location": "src/test/features/api_test.feature:6",
          "match": {
            "arguments": [
              {
                "name": "datos",
                "value": "5"
              }
            ],
            "location": "src/test/features/steps/api_steps.py:25"
          },
          "name": "cuando envio un request al endpoint \"5\"",
          "result": {
            "duration": 0.0,
            "status": "passed"
          },
          "step_type": "when"
        },
        {
          "keyword": "Then",
          "location": "src/test/features/api_test.feature:7",
          "match": {
            "arguments": [
              {
                "name": "datos",
                "value": "5"
              }
            ],
            "location": "src/test/features/steps/api_steps.py:69"
          },
          "name": "se valida el estado del response con el esperado del excel \"5\"",
          "result": {
            "duration": 0.0040094852447509766,
            "status": "passed"
          },
          "step_type": "then"
        },
        {
          "keyword": "And",
          "location": "src/test/features/api_test.feature:8",
          "match": {
            "arguments": [
              {
                "name": "datos",
                "value": "5"
              }
            ],
            "location": "src/test/features/steps/api_steps.py:91"
          },
          "name": "el response debe contener el contenido esperado del excel \"5\"",
          "result": {
            "duration": 0.0,
            "status": "passed"
          },
          "step_type": "then"
        }
      ],
      "tags": [
        "test1",
        "Prueba"
      ],
      "type": "scenario"
    }
  ],
  "keyword": "Feature",
  "location": "src/test/features/api_test.feature:1",
  "name": "API Testing from Excel",
  "status": "failed",
  "tags": []
}
]
