[
    {
        "elements": [
            {
                "keyword": "Scenario Outline",
                "location": "src/test/features/api_test copy.feature:12",
                "name": "Api Test -- @1.1 ",
                "status": "passed",
                "steps": [
                    {
                        "keyword": "Given",
                        "location": "src/test/features/api_test copy.feature:5",
                        "match": {
                            "arguments": [
                                {
                                    "name": "datos",
                                    "value": "1"
                                }
                            ],
                            "location": "src/test/features/steps/api_steps.py:9"
                        },
                        "name": "se lee el endpoint y lo headers del excel \"1\"",
                        "result": {
                            "duration": 0.05285835266113281,
                            "status": "passed",
                            "message": "Se extrae: \nEndpoint: https://reqres.in/api/login"
                        },
                        "step_type": "given"
                    },
                    {
                        "keyword": "When",
                        "location": "src/test/features/api_test copy.feature:6",
                        "match": {
                            "arguments": [
                                {
                                    "name": "datos",
                                    "value": "1"
                                }
                            ],
                            "location": "src/test/features/steps/api_steps.py:25"
                        },
                        "name": "cuando envio un request al endpoint \"1\"",
                        "result": {
                            "duration": 0.7637391090393066,
                            "status": "passed",
                            "message": "<strong>REQUEST:</strong>\nPOST https://reqres.in/api/login\nRequest Headers: {\n    \"Content-Length\": \"57\",\n    \"Content-Type\": \"application/json\"\n}\nBody: {\n    \"email\": \"eve.holt@reqres.in\",\n    \"password\": \"cityslicka\"\n}\n\n<strong>RESPONSE:</strong>\nPOST - Code: 200 OK\nHeaders: {\n    \"Date\": \"Tue, 11 Jun 2024 22:08:12 GMT\",\n    \"Content-Type\": \"application/json; charset=utf-8\",\n    \"Content-Length\": \"29\",\n    \"Connection\": \"keep-alive\",\n    \"Report-To\": \"{\\\"group\\\":\\\"heroku-nel\\\",\\\"max_age\\\":3600,\\\"endpoints\\\":[{\\\"url\\\":\\\"https://nel.heroku.com/reports?ts=1718143691&sid=c4c9725f-1ab0-44d8-820f-430df2718e11&s=7zXsFfzz8KE3CXNgETm6NCVdwVlF2rk8F6ANwf%2FpjN0%3D\\\"}]}\",\n    \"Reporting-Endpoints\": \"heroku-nel=https://nel.heroku.com/reports?ts=1718143691&sid=c4c9725f-1ab0-44d8-820f-430df2718e11&s=7zXsFfzz8KE3CXNgETm6NCVdwVlF2rk8F6ANwf%2FpjN0%3D\",\n    \"Nel\": \"{\\\"report_to\\\":\\\"heroku-nel\\\",\\\"max_age\\\":3600,\\\"success_fraction\\\":0.005,\\\"failure_fraction\\\":0.05,\\\"response_headers\\\":[\\\"Via\\\"]}\",\n    \"X-Powered-By\": \"Express\",\n    \"Access-Control-Allow-Origin\": \"*\",\n    \"Etag\": \"W/\\\"1d-lGCrvD6B7Qzk11+2C98+nGhhuec\\\"\",\n    \"Via\": \"1.1 vegur\",\n    \"CF-Cache-Status\": \"DYNAMIC\",\n    \"Server\": \"cloudflare\",\n    \"CF-RAY\": \"8924eb178c65e60a-ARI\"\n}\nElapsed Time: 0:00:00.735087\n{\n    \"token\": \"QpwL5tke4Pnpja7X4\"\n}\n"
                        },
                        "step_type": "when"
                    },
                    {
                        "keyword": "Then",
                        "location": "src/test/features/api_test copy.feature:7",
                        "match": {
                            "arguments": [
                                {
                                    "name": "datos",
                                    "value": "1"
                                }
                            ],
                            "location": "src/test/features/steps/api_steps.py:69"
                        },
                        "name": "se valida el estado del response con el esperado del excel \"1\"",
                        "result": {
                            "duration": 0.000997304916381836,
                            "status": "passed",
                            "message": "[LOG] Se valida el status Code\nExpected Status Code: 200\nActual Status Code: 200\n"
                        },
                        "step_type": "then"
                    },
                    {
                        "keyword": "And",
                        "location": "src/test/features/api_test copy.feature:8",
                        "match": {
                            "arguments": [
                                {
                                    "name": "datos",
                                    "value": "1"
                                }
                            ],
                            "location": "src/test/features/steps/api_steps.py:91"
                        },
                        "name": "el response debe contener el contenido esperado del excel \"1\"",
                        "result": {
                            "duration": 0.008975982666015625,
                            "status": "passed",
                            "message": "No hay validaciones"
                        },
                        "step_type": "then"
                    }
                ],
                "tags": [
                    "test1",
                    "Prueba"
                ],
                "type": "scenario"
            },
            {
                "keyword": "Scenario Outline",
                "location": "src/test/features/api_test copy.feature:13",
                "name": "Api Test -- @1.2 ",
                "status": "failed",
                "steps": [
                    {
                        "keyword": "Given",
                        "location": "src/test/features/api_test copy.feature:5",
                        "match": {
                            "arguments": [
                                {
                                    "name": "datos",
                                    "value": "2"
                                }
                            ],
                            "location": "src/test/features/steps/api_steps.py:9"
                        },
                        "name": "se lee el endpoint y lo headers del excel \"2\"",
                        "result": {
                            "duration": 0.056847572326660156,
                            "status": "passed",
                            "message": "Se extrae: \nEndpoint: https://reqres.in/api/login"
                        },
                        "step_type": "given"
                    },
                    {
                        "keyword": "When",
                        "location": "src/test/features/api_test copy.feature:6",
                        "match": {
                            "arguments": [
                                {
                                    "name": "datos",
                                    "value": "2"
                                }
                            ],
                            "location": "src/test/features/steps/api_steps.py:25"
                        },
                        "name": "cuando envio un request al endpoint \"2\"",
                        "result": {
                            "duration": 0.6255662441253662,
                            "status": "passed",
                            "message": "<strong>REQUEST:</strong>\nPOST https://reqres.in/api/login\nRequest Headers: {\n    \"Content-Length\": \"31\",\n    \"Content-Type\": \"application/json\"\n}\nBody: {\n    \"email\": \"eve.holt@reqres.in\"\n}\n\n<strong>RESPONSE:</strong>\nPOST - Code: 400 Bad Request\nHeaders: {\n    \"Date\": \"Tue, 11 Jun 2024 22:08:12 GMT\",\n    \"Content-Type\": \"application/json; charset=utf-8\",\n    \"Content-Length\": \"28\",\n    \"Connection\": \"keep-alive\",\n    \"Report-To\": \"{\\\"group\\\":\\\"heroku-nel\\\",\\\"max_age\\\":3600,\\\"endpoints\\\":[{\\\"url\\\":\\\"https://nel.heroku.com/reports?ts=1718143692&sid=c4c9725f-1ab0-44d8-820f-430df2718e11&s=B5jz0vMg0ZIZ1wuGRTCAr%2BlYbtJb86adapq2sha98%2Fo%3D\\\"}]}\",\n    \"Reporting-Endpoints\": \"heroku-nel=https://nel.heroku.com/reports?ts=1718143692&sid=c4c9725f-1ab0-44d8-820f-430df2718e11&s=B5jz0vMg0ZIZ1wuGRTCAr%2BlYbtJb86adapq2sha98%2Fo%3D\",\n    \"Nel\": \"{\\\"report_to\\\":\\\"heroku-nel\\\",\\\"max_age\\\":3600,\\\"success_fraction\\\":0.005,\\\"failure_fraction\\\":0.05,\\\"response_headers\\\":[\\\"Via\\\"]}\",\n    \"X-Powered-By\": \"Express\",\n    \"Access-Control-Allow-Origin\": \"*\",\n    \"Etag\": \"W/\\\"1c-NmpazMScs9tOqR7eDEesn+pqC9Q\\\"\",\n    \"Via\": \"1.1 vegur\",\n    \"CF-Cache-Status\": \"DYNAMIC\",\n    \"Server\": \"cloudflare\",\n    \"CF-RAY\": \"8924eb1c49f1c840-ARI\"\n}\nElapsed Time: 0:00:00.569621\n{\n    \"error\": \"Missing password\"\n}\n"
                        },
                        "step_type": "when"
                    },
                    {
                        "keyword": "Then",
                        "location": "src/test/features/api_test copy.feature:7",
                        "match": {
                            "arguments": [
                                {
                                    "name": "datos",
                                    "value": "2"
                                }
                            ],
                            "location": "src/test/features/steps/api_steps.py:69"
                        },
                        "name": "se valida el estado del response con el esperado del excel \"2\"",
                        "result": {
                            "duration": 0.0,
                            "status": "passed",
                            "message": "[LOG] Se valida el status Code\nExpected Status Code: 400\nActual Status Code: 400\n"
                        },
                        "step_type": "then"
                    },
                    {
                        "keyword": "And",
                        "location": "src/test/features/api_test copy.feature:8",
                        "match": {
                            "arguments": [
                                {
                                    "name": "datos",
                                    "value": "2"
                                }
                            ],
                            "location": "src/test/features/steps/api_steps.py:91"
                        },
                        "name": "el response debe contener el contenido esperado del excel \"2\"",
                        "result": {
                            "duration": 0.043912410736083984,
                            "error_message": [
                                "Assertion Failed: [LOG] Error al validar el contenido del response",
                                "Captured stdout:",
                                "[LOG] Se extrae del excel los datos",
                                "[LOG] Se envia la peticion",
                                "[LOG] Se valida el status Code",
                                "Expected Status Code: 400",
                                "Actual Status Code: 400",
                                "[LOG] Se valida el contenido del response",
                                "Expected Content_1",
                                "Expected Content: token",
                                "Actual Content: {",
                                "    \"error\": \"Missing password\"",
                                "}",
                                "Expected Content_2",
                                "Expected Content: {",
                                "    \"error\": \"Missing password\"",
                                "}",
                                "Actual Content: {",
                                "    \"error\": \"Missing password\"",
                                "}",
                                "Expected Content_3",
                                " FAILED PASSED ",
                                "[LOG] Error al validar el contenido del response",
                                "Step failed: el response debe contener el contenido esperado del excel \"2\""
                            ],
                            "status": "failed",
                            "message": "Error al validar el contenido del response:\n[LOG] Se valida el contenido del response\n\nExpected Content 1: token\nActual Content 1: {\n    \"error\": \"Missing password\"\n}\nFAILED\n\nExpected Content 2: {\n    \"error\": \"Missing password\"\n}\nActual Content 2: {\n    \"error\": \"Missing password\"\n}\nPASSED\n\n"
                        },
                        "step_type": "then"
                    }
                ],
                "tags": [
                    "test1",
                    "Prueba"
                ],
                "type": "scenario"
            },
            {
                "keyword": "Scenario Outline",
                "location": "src/test/features/api_test copy.feature:14",
                "name": "Api Test -- @1.3 ",
                "status": "passed",
                "steps": [
                    {
                        "keyword": "Given",
                        "location": "src/test/features/api_test copy.feature:5",
                        "match": {
                            "arguments": [
                                {
                                    "name": "datos",
                                    "value": "3"
                                }
                            ],
                            "location": "src/test/features/steps/api_steps.py:9"
                        },
                        "name": "se lee el endpoint y lo headers del excel \"3\"",
                        "result": {
                            "duration": 0.05787229537963867,
                            "status": "passed",
                            "message": "Se extrae: \nEndpoint: https://reqres.in/api/users"
                        },
                        "step_type": "given"
                    },
                    {
                        "keyword": "When",
                        "location": "src/test/features/api_test copy.feature:6",
                        "match": {
                            "arguments": [
                                {
                                    "name": "datos",
                                    "value": "3"
                                }
                            ],
                            "location": "src/test/features/steps/api_steps.py:25"
                        },
                        "name": "cuando envio un request al endpoint \"3\"",
                        "result": {
                            "duration": 0.5322017669677734,
                            "status": "passed",
                            "message": "<strong>REQUEST:</strong>\nPOST https://reqres.in/api/users\nRequest Headers: {\n    \"Content-Length\": \"37\",\n    \"Content-Type\": \"application/json\"\n}\nBody: {\n    \"name\": \"morpheus\",\n    \"job\": \"leader\"\n}\n\n<strong>RESPONSE:</strong>\nPOST - Code: 201 Created\nHeaders: {\n    \"Date\": \"Tue, 11 Jun 2024 22:08:13 GMT\",\n    \"Content-Type\": \"application/json; charset=utf-8\",\n    \"Content-Length\": \"84\",\n    \"Connection\": \"keep-alive\",\n    \"Report-To\": \"{\\\"group\\\":\\\"heroku-nel\\\",\\\"max_age\\\":3600,\\\"endpoints\\\":[{\\\"url\\\":\\\"https://nel.heroku.com/reports?ts=1718143693&sid=c4c9725f-1ab0-44d8-820f-430df2718e11&s=%2Fu%2BarJ3OFjQmwQbITAPt%2BX7iPFFkJyHXFn9Jbt4cVxE%3D\\\"}]}\",\n    \"Reporting-Endpoints\": \"heroku-nel=https://nel.heroku.com/reports?ts=1718143693&sid=c4c9725f-1ab0-44d8-820f-430df2718e11&s=%2Fu%2BarJ3OFjQmwQbITAPt%2BX7iPFFkJyHXFn9Jbt4cVxE%3D\",\n    \"Nel\": \"{\\\"report_to\\\":\\\"heroku-nel\\\",\\\"max_age\\\":3600,\\\"success_fraction\\\":0.005,\\\"failure_fraction\\\":0.05,\\\"response_headers\\\":[\\\"Via\\\"]}\",\n    \"X-Powered-By\": \"Express\",\n    \"Access-Control-Allow-Origin\": \"*\",\n    \"Etag\": \"W/\\\"54-hCM5Tq22IwG4Wl6BiGe0k+2XgZE\\\"\",\n    \"Via\": \"1.1 vegur\",\n    \"CF-Cache-Status\": \"DYNAMIC\",\n    \"Server\": \"cloudflare\",\n    \"CF-RAY\": \"8924eb20bbebd0a5-ARI\"\n}\nElapsed Time: 0:00:00.501737\n{\n    \"name\": \"morpheus\",\n    \"job\": \"leader\",\n    \"id\": \"654\",\n    \"createdAt\": \"2024-06-11T22:08:13.237Z\"\n}\n"
                        },
                        "step_type": "when"
                    },
                    {
                        "keyword": "Then",
                        "location": "src/test/features/api_test copy.feature:7",
                        "match": {
                            "arguments": [
                                {
                                    "name": "datos",
                                    "value": "3"
                                }
                            ],
                            "location": "src/test/features/steps/api_steps.py:69"
                        },
                        "name": "se valida el estado del response con el esperado del excel \"3\"",
                        "result": {
                            "duration": 0.000997781753540039,
                            "status": "passed",
                            "message": "[LOG] Se valida el status Code\nExpected Status Code: 201\nActual Status Code: 201\n"
                        },
                        "step_type": "then"
                    },
                    {
                        "keyword": "And",
                        "location": "src/test/features/api_test copy.feature:8",
                        "match": {
                            "arguments": [
                                {
                                    "name": "datos",
                                    "value": "3"
                                }
                            ],
                            "location": "src/test/features/steps/api_steps.py:91"
                        },
                        "name": "el response debe contener el contenido esperado del excel \"3\"",
                        "result": {
                            "duration": 0.026927471160888672,
                            "status": "passed",
                            "message": "\n[LOG] Se valida el contenido del response\n\nExpected Content 1: leader\nActual Content 1: {\n    \"name\": \"morpheus\",\n    \"job\": \"leader\",\n    \"id\": \"654\",\n    \"createdAt\": \"2024-06-11T22:08:13.237Z\"\n}\nPASSED\n\n"
                        },
                        "step_type": "then"
                    }
                ],
                "tags": [
                    "test1",
                    "Prueba"
                ],
                "type": "scenario"
            },
            {
                "keyword": "Scenario Outline",
                "location": "src/test/features/api_test copy.feature:15",
                "name": "Api Test -- @1.4 ",
                "status": "passed",
                "steps": [
                    {
                        "keyword": "Given",
                        "location": "src/test/features/api_test copy.feature:5",
                        "match": {
                            "arguments": [
                                {
                                    "name": "datos",
                                    "value": "4"
                                }
                            ],
                            "location": "src/test/features/steps/api_steps.py:9"
                        },
                        "name": "se lee el endpoint y lo headers del excel \"4\"",
                        "result": {
                            "duration": 0.0708458423614502,
                            "status": "passed",
                            "message": "Se extrae: \nEndpoint: https://jsonplaceholder.typicode.com/todos/1"
                        },
                        "step_type": "given"
                    },
                    {
                        "keyword": "When",
                        "location": "src/test/features/api_test copy.feature:6",
                        "match": {
                            "arguments": [
                                {
                                    "name": "datos",
                                    "value": "4"
                                }
                            ],
                            "location": "src/test/features/steps/api_steps.py:25"
                        },
                        "name": "cuando envio un request al endpoint \"4\"",
                        "result": {
                            "duration": 0.9279487133026123,
                            "status": "passed",
                            "message": "<strong>REQUEST:</strong>\nPUT https://jsonplaceholder.typicode.com/todos/1\nRequest Headers: {\n    \"User-Agent\": \"python-requests/2.31.0\",\n    \"Accept-Encoding\": \"gzip, deflate\",\n    \"Accept\": \"application/json\",\n    \"Connection\": \"keep-alive\",\n    \"Content-Length\": \"0\"\n}\n\n\n<strong>RESPONSE:</strong>\nPUT - Code: 200 OK\nHeaders: {\n    \"Date\": \"Tue, 11 Jun 2024 22:08:14 GMT\",\n    \"Content-Type\": \"application/json; charset=utf-8\",\n    \"Content-Length\": \"13\",\n    \"Connection\": \"keep-alive\",\n    \"Report-To\": \"{\\\"group\\\":\\\"heroku-nel\\\",\\\"max_age\\\":3600,\\\"endpoints\\\":[{\\\"url\\\":\\\"https://nel.heroku.com/reports?ts=1718143694&sid=e11707d5-02a7-43ef-b45e-2cf4d2036f7d&s=JtEK92NPlUuccjFOUxNI1xJgm9deR%2B0g9DStc3ApIaQ%3D\\\"}]}\",\n    \"Reporting-Endpoints\": \"heroku-nel=https://nel.heroku.com/reports?ts=1718143694&sid=e11707d5-02a7-43ef-b45e-2cf4d2036f7d&s=JtEK92NPlUuccjFOUxNI1xJgm9deR%2B0g9DStc3ApIaQ%3D\",\n    \"Nel\": \"{\\\"report_to\\\":\\\"heroku-nel\\\",\\\"max_age\\\":3600,\\\"success_fraction\\\":0.005,\\\"failure_fraction\\\":0.05,\\\"response_headers\\\":[\\\"Via\\\"]}\",\n    \"X-Powered-By\": \"Express\",\n    \"X-Ratelimit-Limit\": \"1000\",\n    \"X-Ratelimit-Remaining\": \"999\",\n    \"X-Ratelimit-Reset\": \"1718143737\",\n    \"Vary\": \"Origin, Accept-Encoding\",\n    \"Access-Control-Allow-Credentials\": \"true\",\n    \"Cache-Control\": \"no-cache\",\n    \"Pragma\": \"no-cache\",\n    \"Expires\": \"-1\",\n    \"X-Content-Type-Options\": \"nosniff\",\n    \"Etag\": \"W/\\\"d-p13Thq1mbIznE8TsFv4BmW8SRpg\\\"\",\n    \"Via\": \"1.1 vegur\",\n    \"CF-Cache-Status\": \"DYNAMIC\",\n    \"Server\": \"cloudflare\",\n    \"CF-RAY\": \"8924eb26ec7d1b2c-GRU\",\n    \"alt-svc\": \"h3=\\\":443\\\"; ma=86400\"\n}\nElapsed Time: 0:00:00.915256\n{\n    \"id\": 1\n}\n"
                        },
                        "step_type": "when"
                    },
                    {
                        "keyword": "Then",
                        "location": "src/test/features/api_test copy.feature:7",
                        "match": {
                            "arguments": [
                                {
                                    "name": "datos",
                                    "value": "4"
                                }
                            ],
                            "location": "src/test/features/steps/api_steps.py:69"
                        },
                        "name": "se valida el estado del response con el esperado del excel \"4\"",
                        "result": {
                            "duration": 0.0009701251983642578,
                            "status": "passed",
                            "message": "[LOG] Se valida el status Code\nExpected Status Code: 200\nActual Status Code: 200\n"
                        },
                        "step_type": "then"
                    },
                    {
                        "keyword": "And",
                        "location": "src/test/features/api_test copy.feature:8",
                        "match": {
                            "arguments": [
                                {
                                    "name": "datos",
                                    "value": "4"
                                }
                            ],
                            "location": "src/test/features/steps/api_steps.py:91"
                        },
                        "name": "el response debe contener el contenido esperado del excel \"4\"",
                        "result": {
                            "duration": 0.06782031059265137,
                            "status": "passed",
                            "message": "\n[LOG] Se valida el contenido del response\n\nExpected Content 1: {\n    \"id\": 1\n}\nActual Content 1: {\n    \"id\": 1\n}\nPASSED\n\nExpected Content 2: id\nActual Content 2: {\n    \"id\": 1\n}\nPASSED\n\nExpected Content 3: 1\nActual Content 3: {\n    \"id\": 1\n}\nPASSED\n\n"
                        },
                        "step_type": "then"
                    }
                ],
                "tags": [
                    "test1",
                    "Prueba"
                ],
                "type": "scenario"
            },
            {
                "keyword": "Scenario Outline",
                "location": "src/test/features/api_test copy.feature:16",
                "name": "Api Test -- @1.5 ",
                "status": "skipped",
                "steps": [
                    {
                        "keyword": "Given",
                        "location": "src/test/features/api_test copy.feature:5",
                        "match": {
                            "arguments": [
                                {
                                    "name": "datos",
                                    "value": "5"
                                }
                            ],
                            "location": "src/test/features/steps/api_steps.py:9"
                        },
                        "name": "se lee el endpoint y lo headers del excel \"5\"",
                        "result": {
                            "duration": 0.008976459503173828,
                            "status": "passed",
                            "message": "NO-EXECUTED"
                        },
                        "step_type": "given"
                    },
                    {
                        "keyword": "When",
                        "location": "src/test/features/api_test copy.feature:6",
                        "match": {
                            "arguments": [
                                {
                                    "name": "datos",
                                    "value": "5"
                                }
                            ],
                            "location": "src/test/features/steps/api_steps.py:25"
                        },
                        "name": "cuando envio un request al endpoint \"5\"",
                        "result": {
                            "duration": 0.0009980201721191406,
                            "status": "passed",
                            "message": "NO-EXECUTED"
                        },
                        "step_type": "when"
                    },
                    {
                        "keyword": "Then",
                        "location": "src/test/features/api_test copy.feature:7",
                        "match": {
                            "arguments": [
                                {
                                    "name": "datos",
                                    "value": "5"
                                }
                            ],
                            "location": "src/test/features/steps/api_steps.py:69"
                        },
                        "name": "se valida el estado del response con el esperado del excel \"5\"",
                        "result": {
                            "duration": 0.0009968280792236328,
                            "status": "passed",
                            "message": "NO-EXECUTED"
                        },
                        "step_type": "then"
                    },
                    {
                        "keyword": "And",
                        "location": "src/test/features/api_test copy.feature:8",
                        "match": {
                            "arguments": [
                                {
                                    "name": "datos",
                                    "value": "5"
                                }
                            ],
                            "location": "src/test/features/steps/api_steps.py:91"
                        },
                        "name": "el response debe contener el contenido esperado del excel \"5\"",
                        "result": {
                            "duration": 0.0009970664978027344,
                            "status": "passed",
                            "message": "NO-EXECUTED"
                        },
                        "step_type": "then"
                    }
                ],
                "tags": [
                    "test1",
                    "Prueba"
                ],
                "type": "scenario"
            }
        ],
        "keyword": "Feature",
        "location": "src/test/features/api_test copy.feature:1",
        "name": "API FEATURE 2",
        "status": "failed",
        "tags": []
    },
    {
        "elements": [
            {
                "keyword": "Scenario Outline",
                "location": "src/test/features/api_test.feature:12",
                "name": "Api Test -- @1.1 ",
                "status": "passed",
                "steps": [
                    {
                        "keyword": "Given",
                        "location": "src/test/features/api_test.feature:5",
                        "match": {
                            "arguments": [
                                {
                                    "name": "datos",
                                    "value": "1"
                                }
                            ],
                            "location": "src/test/features/steps/api_steps.py:9"
                        },
                        "name": "se lee el endpoint y lo headers del excel \"1\"",
                        "result": {
                            "duration": 0.06283140182495117,
                            "status": "passed",
                            "message": "Se extrae: \nEndpoint: https://reqres.in/api/login"
                        },
                        "step_type": "given"
                    },
                    {
                        "keyword": "When",
                        "location": "src/test/features/api_test.feature:6",
                        "match": {
                            "arguments": [
                                {
                                    "name": "datos",
                                    "value": "1"
                                }
                            ],
                            "location": "src/test/features/steps/api_steps.py:25"
                        },
                        "name": "cuando envio un request al endpoint \"1\"",
                        "result": {
                            "duration": 0.5277004241943359,
                            "status": "passed",
                            "message": "<strong>REQUEST:</strong>\nPOST https://reqres.in/api/login\nRequest Headers: {\n    \"Content-Length\": \"57\",\n    \"Content-Type\": \"application/json\"\n}\nBody: {\n    \"email\": \"eve.holt@reqres.in\",\n    \"password\": \"cityslicka\"\n}\n\n<strong>RESPONSE:</strong>\nPOST - Code: 200 OK\nHeaders: {\n    \"Date\": \"Tue, 11 Jun 2024 22:08:12 GMT\",\n    \"Content-Type\": \"application/json; charset=utf-8\",\n    \"Content-Length\": \"29\",\n    \"Connection\": \"keep-alive\",\n    \"Report-To\": \"{\\\"group\\\":\\\"heroku-nel\\\",\\\"max_age\\\":3600,\\\"endpoints\\\":[{\\\"url\\\":\\\"https://nel.heroku.com/reports?ts=1718143691&sid=c4c9725f-1ab0-44d8-820f-430df2718e11&s=7zXsFfzz8KE3CXNgETm6NCVdwVlF2rk8F6ANwf%2FpjN0%3D\\\"}]}\",\n    \"Reporting-Endpoints\": \"heroku-nel=https://nel.heroku.com/reports?ts=1718143691&sid=c4c9725f-1ab0-44d8-820f-430df2718e11&s=7zXsFfzz8KE3CXNgETm6NCVdwVlF2rk8F6ANwf%2FpjN0%3D\",\n    \"Nel\": \"{\\\"report_to\\\":\\\"heroku-nel\\\",\\\"max_age\\\":3600,\\\"success_fraction\\\":0.005,\\\"failure_fraction\\\":0.05,\\\"response_headers\\\":[\\\"Via\\\"]}\",\n    \"X-Powered-By\": \"Express\",\n    \"Access-Control-Allow-Origin\": \"*\",\n    \"Etag\": \"W/\\\"1d-lGCrvD6B7Qzk11+2C98+nGhhuec\\\"\",\n    \"Via\": \"1.1 vegur\",\n    \"CF-Cache-Status\": \"DYNAMIC\",\n    \"Server\": \"cloudflare\",\n    \"CF-RAY\": \"8924eb178c65e60a-ARI\"\n}\nElapsed Time: 0:00:00.735087\n{\n    \"token\": \"QpwL5tke4Pnpja7X4\"\n}\n"
                        },
                        "step_type": "when"
                    },
                    {
                        "keyword": "Then",
                        "location": "src/test/features/api_test.feature:7",
                        "match": {
                            "arguments": [
                                {
                                    "name": "datos",
                                    "value": "1"
                                }
                            ],
                            "location": "src/test/features/steps/api_steps.py:69"
                        },
                        "name": "se valida el estado del response con el esperado del excel \"1\"",
                        "result": {
                            "duration": 0.0009710788726806641,
                            "status": "passed",
                            "message": "[LOG] Se valida el status Code\nExpected Status Code: 200\nActual Status Code: 200\n"
                        },
                        "step_type": "then"
                    },
                    {
                        "keyword": "And",
                        "location": "src/test/features/api_test.feature:8",
                        "match": {
                            "arguments": [
                                {
                                    "name": "datos",
                                    "value": "1"
                                }
                            ],
                            "location": "src/test/features/steps/api_steps.py:91"
                        },
                        "name": "el response debe contener el contenido esperado del excel \"1\"",
                        "result": {
                            "duration": 0.009002685546875,
                            "status": "passed",
                            "message": "No hay validaciones"
                        },
                        "step_type": "then"
                    }
                ],
                "tags": [
                    "test1",
                    "Prueba"
                ],
                "type": "scenario"
            },
            {
                "keyword": "Scenario Outline",
                "location": "src/test/features/api_test.feature:13",
                "name": "Api Test -- @1.2 ",
                "status": "failed",
                "steps": [
                    {
                        "keyword": "Given",
                        "location": "src/test/features/api_test.feature:5",
                        "match": {
                            "arguments": [
                                {
                                    "name": "datos",
                                    "value": "2"
                                }
                            ],
                            "location": "src/test/features/steps/api_steps.py:9"
                        },
                        "name": "se lee el endpoint y lo headers del excel \"2\"",
                        "result": {
                            "duration": 0.07909250259399414,
                            "status": "passed",
                            "message": "Se extrae: \nEndpoint: https://reqres.in/api/login"
                        },
                        "step_type": "given"
                    },
                    {
                        "keyword": "When",
                        "location": "src/test/features/api_test.feature:6",
                        "match": {
                            "arguments": [
                                {
                                    "name": "datos",
                                    "value": "2"
                                }
                            ],
                            "location": "src/test/features/steps/api_steps.py:25"
                        },
                        "name": "cuando envio un request al endpoint \"2\"",
                        "result": {
                            "duration": 0.5436418056488037,
                            "status": "passed",
                            "message": "<strong>REQUEST:</strong>\nPOST https://reqres.in/api/login\nRequest Headers: {\n    \"Content-Length\": \"31\",\n    \"Content-Type\": \"application/json\"\n}\nBody: {\n    \"email\": \"eve.holt@reqres.in\"\n}\n\n<strong>RESPONSE:</strong>\nPOST - Code: 400 Bad Request\nHeaders: {\n    \"Date\": \"Tue, 11 Jun 2024 22:08:12 GMT\",\n    \"Content-Type\": \"application/json; charset=utf-8\",\n    \"Content-Length\": \"28\",\n    \"Connection\": \"keep-alive\",\n    \"Report-To\": \"{\\\"group\\\":\\\"heroku-nel\\\",\\\"max_age\\\":3600,\\\"endpoints\\\":[{\\\"url\\\":\\\"https://nel.heroku.com/reports?ts=1718143692&sid=c4c9725f-1ab0-44d8-820f-430df2718e11&s=B5jz0vMg0ZIZ1wuGRTCAr%2BlYbtJb86adapq2sha98%2Fo%3D\\\"}]}\",\n    \"Reporting-Endpoints\": \"heroku-nel=https://nel.heroku.com/reports?ts=1718143692&sid=c4c9725f-1ab0-44d8-820f-430df2718e11&s=B5jz0vMg0ZIZ1wuGRTCAr%2BlYbtJb86adapq2sha98%2Fo%3D\",\n    \"Nel\": \"{\\\"report_to\\\":\\\"heroku-nel\\\",\\\"max_age\\\":3600,\\\"success_fraction\\\":0.005,\\\"failure_fraction\\\":0.05,\\\"response_headers\\\":[\\\"Via\\\"]}\",\n    \"X-Powered-By\": \"Express\",\n    \"Access-Control-Allow-Origin\": \"*\",\n    \"Etag\": \"W/\\\"1c-NmpazMScs9tOqR7eDEesn+pqC9Q\\\"\",\n    \"Via\": \"1.1 vegur\",\n    \"CF-Cache-Status\": \"DYNAMIC\",\n    \"Server\": \"cloudflare\",\n    \"CF-RAY\": \"8924eb1c49f1c840-ARI\"\n}\nElapsed Time: 0:00:00.569621\n{\n    \"error\": \"Missing password\"\n}\n"
                        },
                        "step_type": "when"
                    },
                    {
                        "keyword": "Then",
                        "location": "src/test/features/api_test.feature:7",
                        "match": {
                            "arguments": [
                                {
                                    "name": "datos",
                                    "value": "2"
                                }
                            ],
                            "location": "src/test/features/steps/api_steps.py:69"
                        },
                        "name": "se valida el estado del response con el esperado del excel \"2\"",
                        "result": {
                            "duration": 0.000997304916381836,
                            "status": "passed",
                            "message": "[LOG] Se valida el status Code\nExpected Status Code: 400\nActual Status Code: 400\n"
                        },
                        "step_type": "then"
                    },
                    {
                        "keyword": "And",
                        "location": "src/test/features/api_test.feature:8",
                        "match": {
                            "arguments": [
                                {
                                    "name": "datos",
                                    "value": "2"
                                }
                            ],
                            "location": "src/test/features/steps/api_steps.py:91"
                        },
                        "name": "el response debe contener el contenido esperado del excel \"2\"",
                        "result": {
                            "duration": 0.04638218879699707,
                            "error_message": [
                                "Assertion Failed: [LOG] Error al validar el contenido del response",
                                "Captured stdout:",
                                "[LOG] Se extrae del excel los datos",
                                "[LOG] Se envia la peticion",
                                "[LOG] Se valida el status Code",
                                "Expected Status Code: 400",
                                "Actual Status Code: 400",
                                "[LOG] Se valida el contenido del response",
                                "Expected Content_1",
                                "Expected Content: token",
                                "Actual Content: {",
                                "    \"error\": \"Missing password\"",
                                "}",
                                "Expected Content_2",
                                "Expected Content: {",
                                "    \"error\": \"Missing password\"",
                                "}",
                                "Actual Content: {",
                                "    \"error\": \"Missing password\"",
                                "}",
                                "Expected Content_3",
                                " FAILED PASSED ",
                                "[LOG] Error al validar el contenido del response",
                                "Step failed: el response debe contener el contenido esperado del excel \"2\""
                            ],
                            "status": "failed",
                            "message": "Error al validar el contenido del response:\n[LOG] Se valida el contenido del response\n\nExpected Content 1: token\nActual Content 1: {\n    \"error\": \"Missing password\"\n}\nFAILED\n\nExpected Content 2: {\n    \"error\": \"Missing password\"\n}\nActual Content 2: {\n    \"error\": \"Missing password\"\n}\nPASSED\n\n"
                        },
                        "step_type": "then"
                    }
                ],
                "tags": [
                    "test1",
                    "Prueba"
                ],
                "type": "scenario"
            },
            {
                "keyword": "Scenario Outline",
                "location": "src/test/features/api_test.feature:14",
                "name": "Api Test -- @1.3 ",
                "status": "passed",
                "steps": [
                    {
                        "keyword": "Given",
                        "location": "src/test/features/api_test.feature:5",
                        "match": {
                            "arguments": [
                                {
                                    "name": "datos",
                                    "value": "3"
                                }
                            ],
                            "location": "src/test/features/steps/api_steps.py:9"
                        },
                        "name": "se lee el endpoint y lo headers del excel \"3\"",
                        "result": {
                            "duration": 0.05784487724304199,
                            "status": "passed",
                            "message": "Se extrae: \nEndpoint: https://reqres.in/api/users"
                        },
                        "step_type": "given"
                    },
                    {
                        "keyword": "When",
                        "location": "src/test/features/api_test.feature:6",
                        "match": {
                            "arguments": [
                                {
                                    "name": "datos",
                                    "value": "3"
                                }
                            ],
                            "location": "src/test/features/steps/api_steps.py:25"
                        },
                        "name": "cuando envio un request al endpoint \"3\"",
                        "result": {
                            "duration": 0.5480751991271973,
                            "status": "passed",
                            "message": "<strong>REQUEST:</strong>\nPOST https://reqres.in/api/users\nRequest Headers: {\n    \"Content-Length\": \"37\",\n    \"Content-Type\": \"application/json\"\n}\nBody: {\n    \"name\": \"morpheus\",\n    \"job\": \"leader\"\n}\n\n<strong>RESPONSE:</strong>\nPOST - Code: 201 Created\nHeaders: {\n    \"Date\": \"Tue, 11 Jun 2024 22:08:13 GMT\",\n    \"Content-Type\": \"application/json; charset=utf-8\",\n    \"Content-Length\": \"84\",\n    \"Connection\": \"keep-alive\",\n    \"Report-To\": \"{\\\"group\\\":\\\"heroku-nel\\\",\\\"max_age\\\":3600,\\\"endpoints\\\":[{\\\"url\\\":\\\"https://nel.heroku.com/reports?ts=1718143693&sid=c4c9725f-1ab0-44d8-820f-430df2718e11&s=%2Fu%2BarJ3OFjQmwQbITAPt%2BX7iPFFkJyHXFn9Jbt4cVxE%3D\\\"}]}\",\n    \"Reporting-Endpoints\": \"heroku-nel=https://nel.heroku.com/reports?ts=1718143693&sid=c4c9725f-1ab0-44d8-820f-430df2718e11&s=%2Fu%2BarJ3OFjQmwQbITAPt%2BX7iPFFkJyHXFn9Jbt4cVxE%3D\",\n    \"Nel\": \"{\\\"report_to\\\":\\\"heroku-nel\\\",\\\"max_age\\\":3600,\\\"success_fraction\\\":0.005,\\\"failure_fraction\\\":0.05,\\\"response_headers\\\":[\\\"Via\\\"]}\",\n    \"X-Powered-By\": \"Express\",\n    \"Access-Control-Allow-Origin\": \"*\",\n    \"Etag\": \"W/\\\"54-hCM5Tq22IwG4Wl6BiGe0k+2XgZE\\\"\",\n    \"Via\": \"1.1 vegur\",\n    \"CF-Cache-Status\": \"DYNAMIC\",\n    \"Server\": \"cloudflare\",\n    \"CF-RAY\": \"8924eb20bbebd0a5-ARI\"\n}\nElapsed Time: 0:00:00.501737\n{\n    \"name\": \"morpheus\",\n    \"job\": \"leader\",\n    \"id\": \"654\",\n    \"createdAt\": \"2024-06-11T22:08:13.237Z\"\n}\n"
                        },
                        "step_type": "when"
                    },
                    {
                        "keyword": "Then",
                        "location": "src/test/features/api_test.feature:7",
                        "match": {
                            "arguments": [
                                {
                                    "name": "datos",
                                    "value": "3"
                                }
                            ],
                            "location": "src/test/features/steps/api_steps.py:69"
                        },
                        "name": "se valida el estado del response con el esperado del excel \"3\"",
                        "result": {
                            "duration": 0.0,
                            "status": "passed",
                            "message": "[LOG] Se valida el status Code\nExpected Status Code: 201\nActual Status Code: 201\n"
                        },
                        "step_type": "then"
                    },
                    {
                        "keyword": "And",
                        "location": "src/test/features/api_test.feature:8",
                        "match": {
                            "arguments": [
                                {
                                    "name": "datos",
                                    "value": "3"
                                }
                            ],
                            "location": "src/test/features/steps/api_steps.py:91"
                        },
                        "name": "el response debe contener el contenido esperado del excel \"3\"",
                        "result": {
                            "duration": 0.024906635284423828,
                            "status": "passed",
                            "message": "\n[LOG] Se valida el contenido del response\n\nExpected Content 1: leader\nActual Content 1: {\n    \"name\": \"morpheus\",\n    \"job\": \"leader\",\n    \"id\": \"654\",\n    \"createdAt\": \"2024-06-11T22:08:13.237Z\"\n}\nPASSED\n\n"
                        },
                        "step_type": "then"
                    }
                ],
                "tags": [
                    "test1",
                    "Prueba"
                ],
                "type": "scenario"
            },
            {
                "keyword": "Scenario Outline",
                "location": "src/test/features/api_test.feature:15",
                "name": "Api Test -- @1.4 ",
                "status": "passed",
                "steps": [
                    {
                        "keyword": "Given",
                        "location": "src/test/features/api_test.feature:5",
                        "match": {
                            "arguments": [
                                {
                                    "name": "datos",
                                    "value": "4"
                                }
                            ],
                            "location": "src/test/features/steps/api_steps.py:9"
                        },
                        "name": "se lee el endpoint y lo headers del excel \"4\"",
                        "result": {
                            "duration": 0.06782007217407227,
                            "status": "passed",
                            "message": "Se extrae: \nEndpoint: https://jsonplaceholder.typicode.com/todos/1"
                        },
                        "step_type": "given"
                    },
                    {
                        "keyword": "When",
                        "location": "src/test/features/api_test.feature:6",
                        "match": {
                            "arguments": [
                                {
                                    "name": "datos",
                                    "value": "4"
                                }
                            ],
                            "location": "src/test/features/steps/api_steps.py:25"
                        },
                        "name": "cuando envio un request al endpoint \"4\"",
                        "result": {
                            "duration": 0.728074312210083,
                            "status": "passed",
                            "message": "<strong>REQUEST:</strong>\nPUT https://jsonplaceholder.typicode.com/todos/1\nRequest Headers: {\n    \"User-Agent\": \"python-requests/2.31.0\",\n    \"Accept-Encoding\": \"gzip, deflate\",\n    \"Accept\": \"application/json\",\n    \"Connection\": \"keep-alive\",\n    \"Content-Length\": \"0\"\n}\n\n\n<strong>RESPONSE:</strong>\nPUT - Code: 200 OK\nHeaders: {\n    \"Date\": \"Tue, 11 Jun 2024 22:08:14 GMT\",\n    \"Content-Type\": \"application/json; charset=utf-8\",\n    \"Content-Length\": \"13\",\n    \"Connection\": \"keep-alive\",\n    \"Report-To\": \"{\\\"group\\\":\\\"heroku-nel\\\",\\\"max_age\\\":3600,\\\"endpoints\\\":[{\\\"url\\\":\\\"https://nel.heroku.com/reports?ts=1718143694&sid=e11707d5-02a7-43ef-b45e-2cf4d2036f7d&s=JtEK92NPlUuccjFOUxNI1xJgm9deR%2B0g9DStc3ApIaQ%3D\\\"}]}\",\n    \"Reporting-Endpoints\": \"heroku-nel=https://nel.heroku.com/reports?ts=1718143694&sid=e11707d5-02a7-43ef-b45e-2cf4d2036f7d&s=JtEK92NPlUuccjFOUxNI1xJgm9deR%2B0g9DStc3ApIaQ%3D\",\n    \"Nel\": \"{\\\"report_to\\\":\\\"heroku-nel\\\",\\\"max_age\\\":3600,\\\"success_fraction\\\":0.005,\\\"failure_fraction\\\":0.05,\\\"response_headers\\\":[\\\"Via\\\"]}\",\n    \"X-Powered-By\": \"Express\",\n    \"X-Ratelimit-Limit\": \"1000\",\n    \"X-Ratelimit-Remaining\": \"999\",\n    \"X-Ratelimit-Reset\": \"1718143737\",\n    \"Vary\": \"Origin, Accept-Encoding\",\n    \"Access-Control-Allow-Credentials\": \"true\",\n    \"Cache-Control\": \"no-cache\",\n    \"Pragma\": \"no-cache\",\n    \"Expires\": \"-1\",\n    \"X-Content-Type-Options\": \"nosniff\",\n    \"Etag\": \"W/\\\"d-p13Thq1mbIznE8TsFv4BmW8SRpg\\\"\",\n    \"Via\": \"1.1 vegur\",\n    \"CF-Cache-Status\": \"DYNAMIC\",\n    \"Server\": \"cloudflare\",\n    \"CF-RAY\": \"8924eb26ec7d1b2c-GRU\",\n    \"alt-svc\": \"h3=\\\":443\\\"; ma=86400\"\n}\nElapsed Time: 0:00:00.915256\n{\n    \"id\": 1\n}\n"
                        },
                        "step_type": "when"
                    },
                    {
                        "keyword": "Then",
                        "location": "src/test/features/api_test.feature:7",
                        "match": {
                            "arguments": [
                                {
                                    "name": "datos",
                                    "value": "4"
                                }
                            ],
                            "location": "src/test/features/steps/api_steps.py:69"
                        },
                        "name": "se valida el estado del response con el esperado del excel \"4\"",
                        "result": {
                            "duration": 0.0009975433349609375,
                            "status": "passed",
                            "message": "[LOG] Se valida el status Code\nExpected Status Code: 200\nActual Status Code: 200\n"
                        },
                        "step_type": "then"
                    },
                    {
                        "keyword": "And",
                        "location": "src/test/features/api_test.feature:8",
                        "match": {
                            "arguments": [
                                {
                                    "name": "datos",
                                    "value": "4"
                                }
                            ],
                            "location": "src/test/features/steps/api_steps.py:91"
                        },
                        "name": "el response debe contener el contenido esperado del excel \"4\"",
                        "result": {
                            "duration": 0.06680107116699219,
                            "status": "passed",
                            "message": "\n[LOG] Se valida el contenido del response\n\nExpected Content 1: {\n    \"id\": 1\n}\nActual Content 1: {\n    \"id\": 1\n}\nPASSED\n\nExpected Content 2: id\nActual Content 2: {\n    \"id\": 1\n}\nPASSED\n\nExpected Content 3: 1\nActual Content 3: {\n    \"id\": 1\n}\nPASSED\n\n"
                        },
                        "step_type": "then"
                    }
                ],
                "tags": [
                    "test1",
                    "Prueba"
                ],
                "type": "scenario"
            },
            {
                "keyword": "Scenario Outline",
                "location": "src/test/features/api_test.feature:16",
                "name": "Api Test -- @1.5 ",
                "status": "skipped",
                "steps": [
                    {
                        "keyword": "Given",
                        "location": "src/test/features/api_test.feature:5",
                        "match": {
                            "arguments": [
                                {
                                    "name": "datos",
                                    "value": "5"
                                }
                            ],
                            "location": "src/test/features/steps/api_steps.py:9"
                        },
                        "name": "se lee el endpoint y lo headers del excel \"5\"",
                        "result": {
                            "duration": 0.008961200714111328,
                            "status": "passed",
                            "message": "NO-EXECUTED"
                        },
                        "step_type": "given"
                    },
                    {
                        "keyword": "When",
                        "location": "src/test/features/api_test.feature:6",
                        "match": {
                            "arguments": [
                                {
                                    "name": "datos",
                                    "value": "5"
                                }
                            ],
                            "location": "src/test/features/steps/api_steps.py:25"
                        },
                        "name": "cuando envio un request al endpoint \"5\"",
                        "result": {
                            "duration": 0.000997781753540039,
                            "status": "passed",
                            "message": "NO-EXECUTED"
                        },
                        "step_type": "when"
                    },
                    {
                        "keyword": "Then",
                        "location": "src/test/features/api_test.feature:7",
                        "match": {
                            "arguments": [
                                {
                                    "name": "datos",
                                    "value": "5"
                                }
                            ],
                            "location": "src/test/features/steps/api_steps.py:69"
                        },
                        "name": "se valida el estado del response con el esperado del excel \"5\"",
                        "result": {
                            "duration": 0.0010232925415039062,
                            "status": "passed",
                            "message": "NO-EXECUTED"
                        },
                        "step_type": "then"
                    },
                    {
                        "keyword": "And",
                        "location": "src/test/features/api_test.feature:8",
                        "match": {
                            "arguments": [
                                {
                                    "name": "datos",
                                    "value": "5"
                                }
                            ],
                            "location": "src/test/features/steps/api_steps.py:91"
                        },
                        "name": "el response debe contener el contenido esperado del excel \"5\"",
                        "result": {
                            "duration": 0.000997781753540039,
                            "status": "passed",
                            "message": "NO-EXECUTED"
                        },
                        "step_type": "then"
                    }
                ],
                "tags": [
                    "test1",
                    "Prueba"
                ],
                "type": "scenario"
            }
        ],
        "keyword": "Feature",
        "location": "src/test/features/api_test.feature:1",
        "name": "API Testing from Excel",
        "status": "failed",
        "tags": []
    }
]